This is pdfTeX, Version 3.141592653-2.6-1.40.24 (TeX Live 2022) (preloaded format=pdflatex 2022.4.22)  14 AUG 2022 16:35
entering extended mode
 restricted \write18 enabled.
 %&-line parsing enabled.
**/Users/patrickocal_mchome/Documents/_uq-aibe/maiwar/documentation/maiwar-whit
e-paper.tex

(/Users/patrickocal_mchome/Documents/_uq-aibe/maiwar/documentation/maiwar-white
-paper.tex
LaTeX2e <2021-11-15> patch level 1
L3 programming layer <2022-02-24>
(/usr/local/texlive/2022/texmf-dist/tex/latex/base/article.cls
Document Class: article 2021/10/04 v1.4n Standard LaTeX document class
(/usr/local/texlive/2022/texmf-dist/tex/latex/base/size12.clo
File: size12.clo 2021/10/04 v1.4n Standard LaTeX file (size option)
)
\c@part=\count185
\c@section=\count186
\c@subsection=\count187
\c@subsubsection=\count188
\c@paragraph=\count189
\c@subparagraph=\count190
\c@figure=\count191
\c@table=\count192
\abovecaptionskip=\skip47
\belowcaptionskip=\skip48
\bibindent=\dimen138
)

! LaTeX Error: File `./preamble-files/paper-preamble.sty' not found.

Type X to quit or <RETURN> to proceed,
or enter new name. (Default extension: sty)

Enter file name: x

! Emergency stop.
<read *> 
         
l.5 \makeatletter
                 
*** (cannot \read from terminal in nonstop modes)

 
Here is how much of TeX's memory you used:
 236 strings out of 478268
 3298 string characters out of 5846347
 292456 words of memory out of 5000000
 18532 multiletter control sequences out of 15000+600000
 469557 words of font info for 29 fonts, out of 8000000 for 9000
 1141 hyphenation exceptions out of 8191
 33i,0n,38p,211b,36s stack positions out of 10000i,1000n,20000p,200000b,200000s
!  ==> Fatal error occurred, no output PDF file produced!
